<?xml version="1.0" encoding="UTF-8"?>
<testsuite xmlns:xsi="http://www.w3.org/2001/XMLSchema-instance" xsi:noNamespaceSchemaLocation="https://maven.apache.org/surefire/maven-surefire-plugin/xsd/surefire-test-report-3.0.xsd" version="3.0" name="com.example.application.it.LoginE2ETest" time="13.976" tests="2" errors="2" skipped="0" failures="0">
  <properties>
[...]
</properties>
  <testcase name="loginAsInvalidUserFails" classname="com.example.application.it.LoginE2ETest" time="0">
    <error type="java.lang.ExceptionInInitializerError"><![CDATA[java.lang.ExceptionInInitializerError
	at com.vaadin.pro.licensechecker.LicenseChecker.checkLicenseFromStaticBlock(LicenseChecker.java:82)
	at com.vaadin.testbench.TestBenchVersion.<clinit>(TestBenchVersion.java:44)
	at com.vaadin.testbench.TestBench.<clinit>(TestBench.java:34)
	at com.vaadin.testbench.browser.BrowserExtension.<clinit>(BrowserExtension.java:51)
	at com.vaadin.testbench.browser.MultipleBrowsersExtension$CapabilitiesTestTemplateInvocationContext.getAdditionalExtensions(MultipleBrowsersExtension.java:80)
	at org.junit.jupiter.engine.descriptor.TestTemplateInvocationTestDescriptor.populateNewExtensionRegistry(TestTemplateInvocationTestDescriptor.java:68)
	at org.junit.jupiter.engine.descriptor.TestMethodTestDescriptor.prepare(TestMethodTestDescriptor.java:99)
	at org.junit.jupiter.engine.descriptor.TestMethodTestDescriptor.prepare(TestMethodTestDescriptor.java:68)
	at org.junit.platform.engine.support.hierarchical.NodeTestTask.lambda$prepare$2(NodeTestTask.java:123)
	at org.junit.platform.engine.support.hierarchical.ThrowableCollector.execute(ThrowableCollector.java:73)
	at org.junit.platform.engine.support.hierarchical.NodeTestTask.prepare(NodeTestTask.java:123)
	at org.junit.platform.engine.support.hierarchical.NodeTestTask.execute(NodeTestTask.java:90)
	at org.junit.platform.engine.support.hierarchical.ForkJoinPoolHierarchicalTestExecutorService$ExclusiveTask.compute(ForkJoinPoolHierarchicalTestExecutorService.java:202)
	at java.base/java.util.concurrent.RecursiveAction.exec(RecursiveAction.java:194)
	at java.base/java.util.concurrent.ForkJoinTask.doExec(ForkJoinTask.java:387)
	at java.base/java.util.concurrent.ForkJoinPool$WorkQueue.tryRemoveAndExec(ForkJoinPool.java:1350)
	at java.base/java.util.concurrent.ForkJoinTask.awaitDone(ForkJoinTask.java:422)
	at java.base/java.util.concurrent.ForkJoinTask.get(ForkJoinTask.java:991)
	at org.junit.platform.engine.support.hierarchical.NodeTestTask$DefaultDynamicTestExecutor.awaitFinished(NodeTestTask.java:236)
	at org.junit.platform.engine.support.hierarchical.ThrowableCollector.execute(ThrowableCollector.java:73)
	at org.junit.platform.engine.support.hierarchical.NodeTestTask.lambda$executeRecursively$6(NodeTestTask.java:158)
	at org.junit.platform.engine.support.hierarchical.ThrowableCollector.execute(ThrowableCollector.java:73)
	at org.junit.platform.engine.support.hierarchical.NodeTestTask.lambda$executeRecursively$8(NodeTestTask.java:141)
	at org.junit.platform.engine.support.hierarchical.Node.around(Node.java:137)
	at org.junit.platform.engine.support.hierarchical.NodeTestTask.lambda$executeRecursively$9(NodeTestTask.java:139)
	at org.junit.platform.engine.support.hierarchical.ThrowableCollector.execute(ThrowableCollector.java:73)
	at org.junit.platform.engine.support.hierarchical.NodeTestTask.executeRecursively(NodeTestTask.java:138)
	at org.junit.platform.engine.support.hierarchical.NodeTestTask.execute(NodeTestTask.java:95)
	at org.junit.platform.engine.support.hierarchical.ForkJoinPoolHierarchicalTestExecutorService$ExclusiveTask.compute(ForkJoinPoolHierarchicalTestExecutorService.java:202)
	at java.base/java.util.concurrent.RecursiveAction.exec(RecursiveAction.java:194)
	at java.base/java.util.concurrent.ForkJoinTask.doExec(ForkJoinTask.java:387)
	at java.base/java.util.concurrent.ForkJoinPool$WorkQueue.topLevelExec(ForkJoinPool.java:1311)
	at java.base/java.util.concurrent.ForkJoinPool.scan(ForkJoinPool.java:1841)
	at java.base/java.util.concurrent.ForkJoinPool.runWorker(ForkJoinPool.java:1806)
	at java.base/java.util.concurrent.ForkJoinWorkerThread.run(ForkJoinWorkerThread.java:177)
Caused by: com.vaadin.pro.licensechecker.LicenseException: The provided license key does not allow usage of vaadin-testbench 9.0.5. Check that the license has not expired and that the product you are trying to use does not require another type of subscription.
	at com.vaadin.pro.licensechecker.LicenseChecker.checkLicense(LicenseChecker.java:243)
	at com.vaadin.pro.licensechecker.LicenseChecker.checkLicense(LicenseChecker.java:226)
	at com.vaadin.pro.licensechecker.LicenseChecker.checkLicense(LicenseChecker.java:129)
	at com.vaadin.pro.licensechecker.LicenseChecker.checkLicense(LicenseChecker.java:104)
	at com.vaadin.pro.licensechecker.LicenseChecker.checkLicenseFromStaticBlock(LicenseChecker.java:80)
	... 34 more
]]></error>
    <system-out><![CDATA[17:15:31.316 [ForkJoinPool-1-worker-1] INFO org.springframework.test.context.support.AnnotationConfigContextLoaderUtils -- Could not detect default configuration classes for test class [com.example.application.views.list.ListViewTest]: ListViewTest does not declare any static, non-private, non-final, nested classes annotated with @Configuration.
17:15:31.498 [ForkJoinPool-1-worker-1] INFO org.springframework.boot.test.context.SpringBootTestContextBootstrapper -- Found @SpringBootConfiguration com.example.application.Application for test class com.example.application.views.list.ListViewTest
  _____ _                  ____ ____  __  __   _____      _             _       _ 
 |  ___| | _____      __  / ___|  _ \|  \/  | |_   _|   _| |_ ___  _ __(_) __ _| |
 | |_  | |/ _ \ \ /\ / / | |   | |_) | |\/| |   | || | | | __/ _ \| '__| |/ _` | |
 |  _| | | (_) \ V  V /  | |___|  _ <| |  | |   | || |_| | || (_) | |  | | (_| | |
 |_|   |_|\___/ \_/\_/    \____|_| \_\_|  |_|   |_| \__,_|\__\___/|_|  |_|\__,_|_|
                                                                                  

2023-08-19T17:15:32.419-03:00  INFO 12016 --- [Pool-1-worker-1] c.e.application.views.list.ListViewTest  : Starting ListViewTest using Java 19.0.2 with PID 12016 (started by Bruno in D:\Users\Bruno\Documents\workspace-spring-tool-suite-4-4.18.0.RELEASE\flow-crm-tutorial\flow-crm-tutorial)
2023-08-19T17:15:32.422-03:00  INFO 12016 --- [Pool-1-worker-1] c.e.application.views.list.ListViewTest  : No active profile set, falling back to 1 default profile: "default"
2023-08-19T17:15:32.846-03:00  INFO 12016 --- [Pool-1-worker-3] c.v.pro.licensechecker.LicenseChecker    : vaadin-testbench:9.0.5 is a pro-products-202210 or prime-products-202210 or enterprise-products-202210 or ultimate-products-202210 or hilla-pro-products-202212 component and you have no subscription.
Go to https://vaadin.com/pricing for information about upgrading your subscription or contact sales@vaadin.com to discuss your options in person.

]]></system-out>
  </testcase>
  <testcase name="loginAsValidUserSucceeds" classname="com.example.application.it.LoginE2ETest" time="0">
    <error message="Could not initialize class com.vaadin.testbench.browser.BrowserExtension" type="java.lang.NoClassDefFoundError"><![CDATA[java.lang.NoClassDefFoundError: Could not initialize class com.vaadin.testbench.browser.BrowserExtension
	at com.vaadin.testbench.browser.MultipleBrowsersExtension$CapabilitiesTestTemplateInvocationContext.getAdditionalExtensions(MultipleBrowsersExtension.java:80)
	at org.junit.jupiter.engine.descriptor.TestTemplateInvocationTestDescriptor.populateNewExtensionRegistry(TestTemplateInvocationTestDescriptor.java:68)
	at org.junit.jupiter.engine.descriptor.TestMethodTestDescriptor.prepare(TestMethodTestDescriptor.java:99)
	at org.junit.jupiter.engine.descriptor.TestMethodTestDescriptor.prepare(TestMethodTestDescriptor.java:68)
	at org.junit.platform.engine.support.hierarchical.NodeTestTask.lambda$prepare$2(NodeTestTask.java:123)
	at org.junit.platform.engine.support.hierarchical.ThrowableCollector.execute(ThrowableCollector.java:73)
	at org.junit.platform.engine.support.hierarchical.NodeTestTask.prepare(NodeTestTask.java:123)
	at org.junit.platform.engine.support.hierarchical.NodeTestTask.execute(NodeTestTask.java:90)
	at org.junit.platform.engine.support.hierarchical.ForkJoinPoolHierarchicalTestExecutorService$ExclusiveTask.compute(ForkJoinPoolHierarchicalTestExecutorService.java:202)
	at java.base/java.util.concurrent.RecursiveAction.exec(RecursiveAction.java:194)
	at java.base/java.util.concurrent.ForkJoinTask.doExec(ForkJoinTask.java:387)
	at java.base/java.util.concurrent.ForkJoinPool$WorkQueue.tryRemoveAndExec(ForkJoinPool.java:1350)
	at java.base/java.util.concurrent.ForkJoinTask.awaitDone(ForkJoinTask.java:422)
	at java.base/java.util.concurrent.ForkJoinTask.get(ForkJoinTask.java:991)
	at org.junit.platform.engine.support.hierarchical.NodeTestTask$DefaultDynamicTestExecutor.awaitFinished(NodeTestTask.java:236)
	at org.junit.platform.engine.support.hierarchical.ThrowableCollector.execute(ThrowableCollector.java:73)
	at org.junit.platform.engine.support.hierarchical.NodeTestTask.lambda$executeRecursively$6(NodeTestTask.java:158)
	at org.junit.platform.engine.support.hierarchical.ThrowableCollector.execute(ThrowableCollector.java:73)
	at org.junit.platform.engine.support.hierarchical.NodeTestTask.lambda$executeRecursively$8(NodeTestTask.java:141)
	at org.junit.platform.engine.support.hierarchical.Node.around(Node.java:137)
	at org.junit.platform.engine.support.hierarchical.NodeTestTask.lambda$executeRecursively$9(NodeTestTask.java:139)
	at org.junit.platform.engine.support.hierarchical.ThrowableCollector.execute(ThrowableCollector.java:73)
	at org.junit.platform.engine.support.hierarchical.NodeTestTask.executeRecursively(NodeTestTask.java:138)
	at org.junit.platform.engine.support.hierarchical.NodeTestTask.execute(NodeTestTask.java:95)
	at org.junit.platform.engine.support.hierarchical.ForkJoinPoolHierarchicalTestExecutorService$ExclusiveTask.compute(ForkJoinPoolHierarchicalTestExecutorService.java:202)
	at java.base/java.util.concurrent.RecursiveAction.exec(RecursiveAction.java:194)
	at java.base/java.util.concurrent.ForkJoinTask.doExec(ForkJoinTask.java:387)
	at java.base/java.util.concurrent.ForkJoinPool$WorkQueue.tryRemoveAndExec(ForkJoinPool.java:1350)
	at java.base/java.util.concurrent.ForkJoinTask.awaitDone(ForkJoinTask.java:422)
	at java.base/java.util.concurrent.ForkJoinTask.join(ForkJoinTask.java:651)
	at org.junit.platform.engine.support.hierarchical.ForkJoinPoolHierarchicalTestExecutorService.joinConcurrentTasksInReverseOrderToEnableWorkStealing(ForkJoinPoolHierarchicalTestExecutorService.java:179)
	at org.junit.platform.engine.support.hierarchical.ForkJoinPoolHierarchicalTestExecutorService.invokeAll(ForkJoinPoolHierarchicalTestExecutorService.java:153)
	at org.junit.platform.engine.support.hierarchical.NodeTestTask.lambda$executeRecursively$6(NodeTestTask.java:155)
	at org.junit.platform.engine.support.hierarchical.ThrowableCollector.execute(ThrowableCollector.java:73)
	at org.junit.platform.engine.support.hierarchical.NodeTestTask.lambda$executeRecursively$8(NodeTestTask.java:141)
	at org.junit.platform.engine.support.hierarchical.Node.around(Node.java:137)
	at org.junit.platform.engine.support.hierarchical.NodeTestTask.lambda$executeRecursively$9(NodeTestTask.java:139)
	at org.junit.platform.engine.support.hierarchical.ThrowableCollector.execute(ThrowableCollector.java:73)
	at org.junit.platform.engine.support.hierarchical.NodeTestTask.executeRecursively(NodeTestTask.java:138)
	at org.junit.platform.engine.support.hierarchical.NodeTestTask.execute(NodeTestTask.java:95)
	at org.junit.platform.engine.support.hierarchical.ForkJoinPoolHierarchicalTestExecutorService$ExclusiveTask.compute(ForkJoinPoolHierarchicalTestExecutorService.java:202)
	at java.base/java.util.concurrent.RecursiveAction.exec(RecursiveAction.java:194)
	at java.base/java.util.concurrent.ForkJoinTask.doExec(ForkJoinTask.java:387)
	at java.base/java.util.concurrent.ForkJoinPool$WorkQueue.topLevelExec(ForkJoinPool.java:1311)
	at java.base/java.util.concurrent.ForkJoinPool.scan(ForkJoinPool.java:1841)
	at java.base/java.util.concurrent.ForkJoinPool.runWorker(ForkJoinPool.java:1806)
	at java.base/java.util.concurrent.ForkJoinWorkerThread.run(ForkJoinWorkerThread.java:177)
Caused by: java.lang.ExceptionInInitializerError: Exception java.lang.ExceptionInInitializerError [in thread "ForkJoinPool-1-worker-3"]
	at com.vaadin.pro.licensechecker.LicenseChecker.checkLicenseFromStaticBlock(LicenseChecker.java:82)
	at com.vaadin.testbench.TestBenchVersion.<clinit>(TestBenchVersion.java:44)
	at com.vaadin.testbench.TestBench.<clinit>(TestBench.java:34)
	at com.vaadin.testbench.browser.BrowserExtension.<clinit>(BrowserExtension.java:51)
	at com.vaadin.testbench.browser.MultipleBrowsersExtension$CapabilitiesTestTemplateInvocationContext.getAdditionalExtensions(MultipleBrowsersExtension.java:80)
	at org.junit.jupiter.engine.descriptor.TestTemplateInvocationTestDescriptor.populateNewExtensionRegistry(TestTemplateInvocationTestDescriptor.java:68)
	at org.junit.jupiter.engine.descriptor.TestMethodTestDescriptor.prepare(TestMethodTestDescriptor.java:99)
	at org.junit.jupiter.engine.descriptor.TestMethodTestDescriptor.prepare(TestMethodTestDescriptor.java:68)
	at org.junit.platform.engine.support.hierarchical.NodeTestTask.lambda$prepare$2(NodeTestTask.java:123)
	at org.junit.platform.engine.support.hierarchical.ThrowableCollector.execute(ThrowableCollector.java:73)
	at org.junit.platform.engine.support.hierarchical.NodeTestTask.prepare(NodeTestTask.java:123)
	at org.junit.platform.engine.support.hierarchical.NodeTestTask.execute(NodeTestTask.java:90)
	at org.junit.platform.engine.support.hierarchical.ForkJoinPoolHierarchicalTestExecutorService$ExclusiveTask.compute(ForkJoinPoolHierarchicalTestExecutorService.java:202)
	at java.base/java.util.concurrent.RecursiveAction.exec(RecursiveAction.java:194)
	at java.base/java.util.concurrent.ForkJoinTask.doExec(ForkJoinTask.java:387)
	at java.base/java.util.concurrent.ForkJoinPool$WorkQueue.tryRemoveAndExec(ForkJoinPool.java:1350)
	at java.base/java.util.concurrent.ForkJoinTask.awaitDone(ForkJoinTask.java:422)
	at java.base/java.util.concurrent.ForkJoinTask.get(ForkJoinTask.java:991)
	at org.junit.platform.engine.support.hierarchical.NodeTestTask$DefaultDynamicTestExecutor.awaitFinished(NodeTestTask.java:236)
	at org.junit.platform.engine.support.hierarchical.ThrowableCollector.execute(ThrowableCollector.java:73)
	at org.junit.platform.engine.support.hierarchical.NodeTestTask.lambda$executeRecursively$6(NodeTestTask.java:158)
	... 14 more
]]></error>
  </testcase>
</testsuite>