<?xml version="1.0" encoding="UTF-8"?>
<testsuite xmlns:xsi="http://www.w3.org/2001/XMLSchema-instance" xsi:noNamespaceSchemaLocation="https://maven.apache.org/surefire/maven-surefire-plugin/xsd/surefire-test-report-3.0.xsd" version="3.0" name="com.example.application.views.list.ListViewTest" time="11.342" tests="1" errors="0" skipped="0" failures="0">
  <properties>
[...]
</properties>
  <testcase name="formShownWhenContactSelected" classname="com.example.application.views.list.ListViewTest" time="0.769">
    <system-out><![CDATA[17:24:13.209 [main] INFO org.springframework.test.context.support.AnnotationConfigContextLoaderUtils -- Could not detect default configuration classes for test class [com.example.application.views.list.ListViewTest]: ListViewTest does not declare any static, non-private, non-final, nested classes annotated with @Configuration.
17:24:13.408 [main] INFO org.springframework.boot.test.context.SpringBootTestContextBootstrapper -- Found @SpringBootConfiguration com.example.application.Application for test class com.example.application.views.list.ListViewTest
  _____ _                  ____ ____  __  __   _____      _             _       _ 
 |  ___| | _____      __  / ___|  _ \|  \/  | |_   _|   _| |_ ___  _ __(_) __ _| |
 | |_  | |/ _ \ \ /\ / / | |   | |_) | |\/| |   | || | | | __/ _ \| '__| |/ _` | |
 |  _| | | (_) \ V  V /  | |___|  _ <| |  | |   | || |_| | || (_) | |  | | (_| | |
 |_|   |_|\___/ \_/\_/    \____|_| \_\_|  |_|   |_| \__,_|\__\___/|_|  |_|\__,_|_|
                                                                                  

2023-08-19T17:24:14.218-03:00  INFO 13504 --- [           main] c.e.application.views.list.ListViewTest  : Starting ListViewTest using Java 19.0.2 with PID 13504 (started by Bruno in D:\Users\Bruno\Documents\workspace-spring-tool-suite-4-4.18.0.RELEASE\flow-crm-tutorial\flow-crm-tutorial)
2023-08-19T17:24:14.221-03:00  INFO 13504 --- [           main] c.e.application.views.list.ListViewTest  : No active profile set, falling back to 1 default profile: "default"
2023-08-19T17:24:15.424-03:00  INFO 13504 --- [           main] .s.d.r.c.RepositoryConfigurationDelegate : Bootstrapping Spring Data JPA repositories in DEFAULT mode.
2023-08-19T17:24:15.571-03:00  INFO 13504 --- [           main] .s.d.r.c.RepositoryConfigurationDelegate : Finished Spring Data repository scanning in 130 ms. Found 3 JPA repository interfaces.
2023-08-19T17:24:16.667-03:00  INFO 13504 --- [           main] o.hibernate.jpa.internal.util.LogHelper  : HHH000204: Processing PersistenceUnitInfo [name: default]
2023-08-19T17:24:16.800-03:00  INFO 13504 --- [           main] org.hibernate.Version                    : HHH000412: Hibernate ORM core version 6.2.2.Final
2023-08-19T17:24:16.807-03:00  INFO 13504 --- [           main] org.hibernate.cfg.Environment            : HHH000406: Using bytecode reflection optimizer
2023-08-19T17:24:17.155-03:00  INFO 13504 --- [           main] o.h.b.i.BytecodeProviderInitiator        : HHH000021: Bytecode provider name : bytebuddy
2023-08-19T17:24:17.520-03:00  INFO 13504 --- [           main] o.s.o.j.p.SpringPersistenceUnitInfo      : No LoadTimeWeaver setup: ignoring JPA class transformer
2023-08-19T17:24:17.559-03:00  INFO 13504 --- [           main] com.zaxxer.hikari.HikariDataSource       : HikariPool-1 - Starting...
2023-08-19T17:24:17.968-03:00  INFO 13504 --- [           main] com.zaxxer.hikari.pool.HikariPool        : HikariPool-1 - Added connection conn0: url=jdbc:h2:mem:0394c4a0-1025-4fe6-9b71-d1d2acd0f2bd user=SA
2023-08-19T17:24:17.972-03:00  INFO 13504 --- [           main] com.zaxxer.hikari.HikariDataSource       : HikariPool-1 - Start completed.
2023-08-19T17:24:18.036-03:00  INFO 13504 --- [           main] org.hibernate.orm.dialect                : HHH035001: Using dialect: org.hibernate.dialect.H2Dialect, version: 2.1.214
2023-08-19T17:24:18.428-03:00  INFO 13504 --- [           main] o.h.b.i.BytecodeProviderInitiator        : HHH000021: Bytecode provider name : bytebuddy
2023-08-19T17:24:19.606-03:00  INFO 13504 --- [           main] o.h.e.t.j.p.i.JtaPlatformInitiator       : HHH000490: Using JtaPlatform implementation: [org.hibernate.engine.transaction.jta.platform.internal.NoJtaPlatform]
2023-08-19T17:24:19.671-03:00  INFO 13504 --- [           main] o.h.t.s.i.e.GenerationTargetToDatabase   : HHH000476: Executing script '[injected ScriptSourceInputNonExistentImpl script]'
2023-08-19T17:24:19.676-03:00  INFO 13504 --- [           main] j.LocalContainerEntityManagerFactoryBean : Initialized JPA EntityManagerFactory for persistence unit 'default'
2023-08-19T17:24:20.224-03:00  INFO 13504 --- [           main] o.s.d.j.r.query.QueryEnhancerFactory     : Hibernate is in classpath; If applicable, HQL parser will be used.
2023-08-19T17:24:21.686-03:00  WARN 13504 --- [           main] JpaBaseConfiguration$JpaWebConfiguration : spring.jpa.open-in-view is enabled by default. Therefore, database queries may be performed during view rendering. Explicitly configure spring.jpa.open-in-view to disable this warning
2023-08-19T17:24:22.058-03:00  INFO 13504 --- [           main] o.s.s.web.DefaultSecurityFilterChain     : Will secure any request with [org.springframework.security.web.session.DisableEncodeUrlFilter@52c4bf29, org.springframework.security.web.context.request.async.WebAsyncManagerIntegrationFilter@34612ba9, org.springframework.security.web.context.SecurityContextHolderFilter@6921e251, org.springframework.security.web.header.HeaderWriterFilter@2b960c2b, org.springframework.security.web.csrf.CsrfFilter@1d957b5a, org.springframework.security.web.authentication.logout.LogoutFilter@22ff53d1, org.springframework.security.web.authentication.UsernamePasswordAuthenticationFilter@4998944b, org.springframework.security.web.savedrequest.RequestCacheAwareFilter@2d481de0, org.springframework.security.web.servletapi.SecurityContextHolderAwareRequestFilter@1cf38112, org.springframework.security.web.authentication.AnonymousAuthenticationFilter@765611c9, org.springframework.security.web.access.ExceptionTranslationFilter@50d507ab, org.springframework.security.web.access.intercept.AuthorizationFilter@5345b68c]
2023-08-19T17:24:22.519-03:00  WARN 13504 --- [           main] o.s.s.c.a.web.builders.WebSecurity       : You are asking Spring Security to ignore Mvc [pattern='/images/**']. This is not recommended -- please use permitAll via HttpSecurity#authorizeHttpRequests instead.
2023-08-19T17:24:22.519-03:00  INFO 13504 --- [           main] o.s.s.web.DefaultSecurityFilterChain     : Will not secure Mvc [pattern='/images/**']
2023-08-19T17:24:23.148-03:00  INFO 13504 --- [           main] c.e.application.views.list.ListViewTest  : Started ListViewTest in 9.422 seconds (process running for 12.676)
]]></system-out>
  </testcase>
</testsuite>